#
# A fatal error has been detected by the Java Runtime Environment:
#
#  SIGSEGV (0xb) at pc=0x00007fff92b25f49, pid=3639, tid=21251
#
# JRE version: Java(TM) SE Runtime Environment (7.0_79-b15) (build 1.7.0_79-b15)
# Java VM: Java HotSpot(TM) 64-Bit Server VM (24.79-b02 mixed mode bsd-amd64 compressed oops)
# Problematic frame:
# C  [libsystem_platform.dylib+0x4f49]  _platform_memmove$VARIANT$Haswell+0x29
#
# Failed to write core dump. Core dumps have been disabled. To enable core dumping, try "ulimit -c unlimited" before starting Java again
#
# If you would like to submit a bug report, please visit:
#   http://bugreport.java.com/bugreport/crash.jsp
# The crash happened outside the Java Virtual Machine in native code.
# See problematic frame for where to report the bug.
#

---------------  T H R E A D  ---------------

Current thread (0x00007fa3a2bcf800):  JavaThread "Daemon worker" [_thread_in_native, id=21251, stack(0x0000700001353000,0x0000700001453000)]

siginfo:si_signo=SIGSEGV: si_errno=0, si_code=1 (SEGV_MAPERR), si_addr=0x0000000111af4000

Registers:
RAX=0x00007fa3a2e8fe00, RBX=0x0000000111af2adb, RCX=0x0000000000005a7c, RDX=0x0000000000006f73
RSP=0x000070000144eec0, RBP=0x000070000144eec0, RSI=0x0000000111af4000, RDI=0x00007fa3a2e912f7
R8 =0x00007fa3a4082c00, R9 =0x0000000000000009, R10=0x0000000002c882a9, R11=0x00007fa29139d2f7
R12=0x0000000072502e67, R13=0x0000000000021d00, R14=0x000000007365636f, R15=0x0000000000005072
RIP=0x00007fff92b25f49, EFLAGS=0x0000000000010202, ERR=0x0000000000000004
  TRAPNO=0x000000000000000e

Top of Stack: (sp=0x000070000144eec0)
0x000070000144eec0:   000070000144ef30 00000001079f322b
0x000070000144eed0:   000000720144ef00 0000000000000050
0x000070000144eee0:   000000000000054b 00007fa3a2e8fe00
0x000070000144eef0:   0000000000006f73 00007fa3a3b8a0a0
0x000070000144ef00:   00007fa3a38a8900 00000000497fa543
0x000070000144ef10:   0000000000000070 00007fa3a3b8a1e0
0x000070000144ef20:   00007fa3a3b8a0a0 00007fa3a3b8b9f0
0x000070000144ef30:   000070000144ef80 00000001079f3725
0x000070000144ef40:   0000000000000037 00000037a2bcf800
0x000070000144ef50:   000070000144ef9e 000070000144f3e8
0x000070000144ef60:   0000000000000037 000070000144ef9e
0x000070000144ef70:   00007fa3a3b8a0a0 00007fa3a2bcf9e8
0x000070000144ef80:   000070000144f3d0 00000001079f2570
0x000070000144ef90:   000070000144ef90 454d000700000001
0x000070000144efa0:   732f464e492d4154 2f73656369767265
0x000070000144efb0:   6e612e786176616a 6e6f697461746f6e
0x000070000144efc0:   737365636f72702e 636f72502e676e69
0x000070000144efd0:   000000726f737365 00000007b00e21d8
0x000070000144efe0:   00007fa3a2bcf800 00007fa3a2bcf800
0x000070000144eff0:   000070000144f020 0000000000000000
0x000070000144f000:   0000000000000001 00000007b029bda3
0x000070000144f010:   00000007ec6441f0 00007fa3a2bcf800
0x000070000144f020:   0000000000000004 00000007ec6441f0
0x000070000144f030:   0000000000000004 00007fa3a17268d8
0x000070000144f040:   000070000144f090 00000001082a5013
0x000070000144f050:   00007fa3a2bcf800 0000000000000001
0x000070000144f060:   000070000144f090 0000000000000002
0x000070000144f070:   0000000000000004 00000007b00e21d8
0x000070000144f080:   00007fa3a2bcf800 0000000000000005
0x000070000144f090:   000070000144f0e0 00000001084b1806
0x000070000144f0a0:   000000000000001f 00000007b029a160
0x000070000144f0b0:   000070000144f0f8 00007fa3a2bcf800 

Instructions: (pc=0x00007fff92b25f49)
0x00007fff92b25f29:   f3 48 89 f8 49 39 d3 72 1b 48 83 fa 60 76 2f 48
0x00007fff92b25f39:   81 fa 00 40 00 00 0f 82 bb 00 00 00 48 89 d1 fc
0x00007fff92b25f49:   f3 a4 5d c3 48 39 fe 74 f9 48 01 d6 48 01 d7 48
0x00007fff92b25f59:   83 fa 60 0f 82 5c 01 00 00 e9 79 01 00 00 48 83 

Register to memory mapping:

RAX=0x00007fa3a2e8fe00 is an unknown value
RBX=0x0000000111af2adb is an unknown value
RCX=0x0000000000005a7c is an unknown value
RDX=0x0000000000006f73 is an unknown value
RSP=0x000070000144eec0 is pointing into the stack for thread: 0x00007fa3a2bcf800
RBP=0x000070000144eec0 is pointing into the stack for thread: 0x00007fa3a2bcf800
RSI=0x0000000111af4000 is an unknown value
RDI=0x00007fa3a2e912f7 is an unknown value
R8 =0x00007fa3a4082c00 is an unknown value
R9 =0x0000000000000009 is an unknown value
R10=0x0000000002c882a9 is an unknown value
R11=0x00007fa29139d2f7 is an unknown value
R12=0x0000000072502e67 is an unknown value
R13=0x0000000000021d00 is an unknown value
R14=0x000000007365636f is an unknown value
R15=0x0000000000005072 is an unknown value


Stack: [0x0000700001353000,0x0000700001453000],  sp=0x000070000144eec0,  free space=1007k
Native frames: (J=compiled Java code, j=interpreted, Vv=VM code, C=native code)
C  [libsystem_platform.dylib+0x4f49]  _platform_memmove$VARIANT$Haswell+0x29
C  [libzip.dylib+0x322b]  newEntry+0x2c8
C  [libzip.dylib+0x3725]  ZIP_GetEntry+0xa2
C  [libzip.dylib+0x2570]  Java_java_util_zip_ZipFile_getEntry+0xdd
J 75  java.util.zip.ZipFile.getEntry(J[BZ)J (0 bytes) @ 0x0000000108cdde4e [0x0000000108cddd80+0xce]

Java frames: (J=compiled Java code, j=interpreted, Vv=VM code)
J 75  java.util.zip.ZipFile.getEntry(J[BZ)J (0 bytes) @ 0x0000000108cdddd8 [0x0000000108cddd80+0x58]
J 70 C2 java.util.jar.JarFile.getEntry(Ljava/lang/String;)Ljava/util/zip/ZipEntry; (22 bytes) @ 0x0000000108ce2ca8 [0x0000000108ce2be0+0xc8]
j  sun.net.www.protocol.jar.URLJarFile.getEntry(Ljava/lang/String;)Ljava/util/zip/ZipEntry;+2
j  sun.net.www.protocol.jar.JarURLConnection.connect()V+62
j  sun.net.www.protocol.jar.JarURLConnection.getInputStream()Ljava/io/InputStream;+1
j  java.net.URL.openStream()Ljava/io/InputStream;+4
j  java.util.ServiceLoader.parse(Ljava/lang/Class;Ljava/net/URL;)Ljava/util/Iterator;+15
j  java.util.ServiceLoader.access$200(Ljava/util/ServiceLoader;Ljava/lang/Class;Ljava/net/URL;)Ljava/util/Iterator;+3
j  java.util.ServiceLoader$LazyIterator.hasNext()Z+140
j  java.util.ServiceLoader$1.hasNext()Z+21
j  com.sun.tools.javac.processing.JavacProcessingEnvironment$ServiceIterator.hasNext()Z+4
j  com.sun.tools.javac.processing.JavacProcessingEnvironment$DiscoveredProcessors$ProcessorStateIterator.hasNext()Z+39
j  com.sun.tools.javac.processing.JavacProcessingEnvironment.atLeastOneProcessor()Z+7
j  com.sun.tools.javac.main.JavaCompiler.initProcessAnnotations(Ljava/lang/Iterable;)V+52
j  com.sun.tools.javac.main.JavaCompiler.compile(Lcom/sun/tools/javac/util/List;Lcom/sun/tools/javac/util/List;Ljava/lang/Iterable;)V+127
j  com.sun.tools.javac.main.Main.compile([Ljava/lang/String;[Ljava/lang/String;Lcom/sun/tools/javac/util/Context;Lcom/sun/tools/javac/util/List;Ljava/lang/Iterable;)I+761
j  com.sun.tools.javac.api.JavacTaskImpl.call()Ljava/lang/Boolean;+59
j  org.gradle.api.internal.tasks.compile.JdkJavaCompiler.execute(Lorg/gradle/api/internal/tasks/compile/JavaCompileSpec;)Lorg/gradle/api/tasks/WorkResult;+17
j  org.gradle.api.internal.tasks.compile.JdkJavaCompiler.execute(Lorg/gradle/language/base/internal/compile/CompileSpec;)Lorg/gradle/api/tasks/WorkResult;+5
j  org.gradle.api.internal.tasks.compile.NormalizingJavaCompiler.delegateAndHandleErrors(Lorg/gradle/api/internal/tasks/compile/JavaCompileSpec;)Lorg/gradle/api/tasks/WorkResult;+5
j  org.gradle.api.internal.tasks.compile.NormalizingJavaCompiler.execute(Lorg/gradle/api/internal/tasks/compile/JavaCompileSpec;)Lorg/gradle/api/tasks/WorkResult;+27
j  org.gradle.api.internal.tasks.compile.NormalizingJavaCompiler.execute(Lorg/gradle/language/base/internal/compile/CompileSpec;)Lorg/gradle/api/tasks/WorkResult;+5
j  org.gradle.api.internal.tasks.compile.CleaningJavaCompilerSupport.execute(Lorg/gradle/api/internal/tasks/compile/JavaCompileSpec;)Lorg/gradle/api/tasks/WorkResult;+37
j  org.gradle.api.internal.tasks.compile.CleaningJavaCompilerSupport.execute(Lorg/gradle/language/base/internal/compile/CompileSpec;)Lorg/gradle/api/tasks/WorkResult;+5
j  org.gradle.api.internal.tasks.compile.incremental.IncrementalCompilationFinalizer.execute(Lorg/gradle/api/internal/tasks/compile/JavaCompileSpec;)Lorg/gradle/api/tasks/WorkResult;+5
j  org.gradle.api.internal.tasks.compile.incremental.IncrementalCompilationFinalizer.execute(Lorg/gradle/language/base/internal/compile/CompileSpec;)Lorg/gradle/api/tasks/WorkResult;+5
j  org.gradle.api.tasks.compile.JavaCompile.performCompilation(Lorg/gradle/api/internal/tasks/compile/JavaCompileSpec;Lorg/gradle/language/base/internal/compile/Compiler;)V+2
j  org.gradle.api.tasks.compile.JavaCompile.compile(Lorg/gradle/api/tasks/incremental/IncrementalTaskInputs;)V+100
j  com.android.build.gradle.tasks.factory.AndroidJavaCompile.compile(Lorg/gradle/api/tasks/incremental/IncrementalTaskInputs;)V+87
v  ~StubRoutines::call_stub
j  sun.reflect.NativeMethodAccessorImpl.invoke0(Ljava/lang/reflect/Method;Ljava/lang/Object;[Ljava/lang/Object;)Ljava/lang/Object;+0
j  sun.reflect.NativeMethodAccessorImpl.invoke(Ljava/lang/Object;[Ljava/lang/Object;)Ljava/lang/Object;+87
J 1320 C2 java.lang.reflect.Method.invoke(Ljava/lang/Object;[Ljava/lang/Object;)Ljava/lang/Object; (63 bytes) @ 0x0000000109136cf0 [0x0000000109136c60+0x90]
j  org.gradle.internal.reflect.JavaMethod.invoke(Ljava/lang/Object;[Ljava/lang/Object;)Ljava/lang/Object;+6
j  org.gradle.api.internal.project.taskfactory.AnnotationProcessingTaskFactory$IncrementalTaskAction.doExecute(Lorg/gradle/api/Task;Ljava/lang/String;)V+35
j  org.gradle.api.internal.project.taskfactory.AnnotationProcessingTaskFactory$StandardTaskAction.execute(Lorg/gradle/api/Task;)V+32
j  org.gradle.api.internal.project.taskfactory.AnnotationProcessingTaskFactory$IncrementalTaskAction.execute(Lorg/gradle/api/Task;)V+2
j  org.gradle.api.internal.project.taskfactory.AnnotationProcessingTaskFactory$StandardTaskAction.execute(Ljava/lang/Object;)V+5
j  org.gradle.api.internal.tasks.execution.ExecuteActionsTaskExecuter.executeAction(Lorg/gradle/api/internal/TaskInternal;Lorg/gradle/api/internal/tasks/ContextAwareTaskAction;Lorg/gradle/api/internal/tasks/TaskExecutionContext;)V+9
j  org.gradle.api.internal.tasks.execution.ExecuteActionsTaskExecuter.executeActions(Lorg/gradle/api/internal/TaskInternal;Lorg/gradle/api/internal/tasks/TaskStateInternal;Lorg/gradle/api/internal/tasks/TaskExecutionContext;)Lorg/gradle/api/GradleException;+79
j  org.gradle.api.internal.tasks.execution.ExecuteActionsTaskExecuter.execute(Lorg/gradle/api/internal/TaskInternal;Lorg/gradle/api/internal/tasks/TaskStateInternal;Lorg/gradle/api/internal/tasks/TaskExecutionContext;)V+19
j  org.gradle.api.internal.tasks.execution.PostExecutionAnalysisTaskExecuter.execute(Lorg/gradle/api/internal/TaskInternal;Lorg/gradle/api/internal/tasks/TaskStateInternal;Lorg/gradle/api/internal/tasks/TaskExecutionContext;)V+7
j  org.gradle.api.internal.tasks.execution.SkipUpToDateTaskExecuter.execute(Lorg/gradle/api/internal/TaskInternal;Lorg/gradle/api/internal/tasks/TaskStateInternal;Lorg/gradle/api/internal/tasks/TaskExecutionContext;)V+133
j  org.gradle.api.internal.tasks.execution.ValidatingTaskExecuter.execute(Lorg/gradle/api/internal/TaskInternal;Lorg/gradle/api/internal/tasks/TaskStateInternal;Lorg/gradle/api/internal/tasks/TaskExecutionContext;)V+215
j  org.gradle.api.internal.tasks.execution.SkipEmptySourceFilesTaskExecuter.execute(Lorg/gradle/api/internal/TaskInternal;Lorg/gradle/api/internal/tasks/TaskStateInternal;Lorg/gradle/api/internal/tasks/TaskExecutionContext;)V+111
j  org.gradle.api.internal.tasks.execution.SkipTaskWithNoActionsExecuter.execute(Lorg/gradle/api/internal/TaskInternal;Lorg/gradle/api/internal/tasks/TaskStateInternal;Lorg/gradle/api/internal/tasks/TaskExecutionContext;)V+110
j  org.gradle.api.internal.tasks.execution.SkipOnlyIfTaskExecuter.execute(Lorg/gradle/api/internal/TaskInternal;Lorg/gradle/api/internal/tasks/TaskStateInternal;Lorg/gradle/api/internal/tasks/TaskExecutionContext;)V+84
j  org.gradle.api.internal.tasks.execution.ExecuteAtMostOnceTaskExecuter.execute(Lorg/gradle/api/internal/TaskInternal;Lorg/gradle/api/internal/tasks/TaskStateInternal;Lorg/gradle/api/internal/tasks/TaskExecutionContext;)V+26
j  org.gradle.execution.taskgraph.DefaultTaskGraphExecuter$EventFiringTaskWorker.execute(Lorg/gradle/api/internal/TaskInternal;)V+106
j  org.gradle.execution.taskgraph.DefaultTaskGraphExecuter$EventFiringTaskWorker.execute(Ljava/lang/Object;)V+5
j  org.gradle.execution.taskgraph.AbstractTaskPlanExecutor$TaskExecutorWorker.processTask(Lorg/gradle/execution/taskgraph/TaskInfo;)V+8
j  org.gradle.execution.taskgraph.AbstractTaskPlanExecutor$TaskExecutorWorker.run()V+56
j  org.gradle.execution.taskgraph.DefaultTaskPlanExecutor.process(Lorg/gradle/execution/taskgraph/TaskExecutionPlan;Lorg/gradle/api/Action;)V+6
j  org.gradle.execution.taskgraph.DefaultTaskGraphExecuter.execute()V+65
j  org.gradle.execution.SelectedTaskExecutionAction.execute(Lorg/gradle/execution/BuildExecutionContext;)V+55
j  org.gradle.execution.DefaultBuildExecuter.execute(Lorg/gradle/api/internal/GradleInternal;I)V+37
j  org.gradle.execution.DefaultBuildExecuter.access$000(Lorg/gradle/execution/DefaultBuildExecuter;Lorg/gradle/api/internal/GradleInternal;I)V+3
j  org.gradle.execution.DefaultBuildExecuter$1.proceed()V+14
j  org.gradle.execution.DryRunBuildExecutionAction.execute(Lorg/gradle/execution/BuildExecutionContext;)V+68
j  org.gradle.execution.DefaultBuildExecuter.execute(Lorg/gradle/api/internal/GradleInternal;I)V+37
j  org.gradle.execution.DefaultBuildExecuter.execute(Lorg/gradle/api/internal/GradleInternal;)V+3
j  org.gradle.initialization.DefaultGradleLauncher$4.run()V+14
j  org.gradle.internal.Factories$1.create()Ljava/lang/Object;+4
j  org.gradle.internal.progress.DefaultBuildOperationExecutor.run(Lorg/gradle/internal/progress/BuildOperationDetails;Lorg/gradle/internal/Factory;)Ljava/lang/Object;+171
j  org.gradle.internal.progress.DefaultBuildOperationExecutor.run(Ljava/lang/String;Ljava/lang/Runnable;)V+12
j  org.gradle.initialization.DefaultGradleLauncher.doBuildStages(Lorg/gradle/initialization/DefaultGradleLauncher$Stage;)V+85
j  org.gradle.initialization.DefaultGradleLauncher.access$200(Lorg/gradle/initialization/DefaultGradleLauncher;Lorg/gradle/initialization/DefaultGradleLauncher$Stage;)V+2
j  org.gradle.initialization.DefaultGradleLauncher$1.create()Lorg/gradle/BuildResult;+29
j  org.gradle.initialization.DefaultGradleLauncher$1.create()Ljava/lang/Object;+1
j  org.gradle.internal.progress.DefaultBuildOperationExecutor.run(Lorg/gradle/internal/progress/BuildOperationDetails;Lorg/gradle/internal/Factory;)Ljava/lang/Object;+171
j  org.gradle.internal.progress.DefaultBuildOperationExecutor.run(Ljava/lang/String;Lorg/gradle/internal/Factory;)Ljava/lang/Object;+9
j  org.gradle.initialization.DefaultGradleLauncher.doBuild(Lorg/gradle/initialization/DefaultGradleLauncher$Stage;)Lorg/gradle/BuildResult;+25
j  org.gradle.initialization.DefaultGradleLauncher.run()Lorg/gradle/BuildResult;+4
j  org.gradle.launcher.exec.InProcessBuildActionExecuter$DefaultBuildController.run()Lorg/gradle/api/internal/GradleInternal;+4
j  org.gradle.tooling.internal.provider.runner.BuildModelActionRunner.run(Lorg/gradle/internal/invocation/BuildAction;Lorg/gradle/internal/invocation/BuildController;)V+29
j  org.gradle.launcher.exec.ChainingBuildActionRunner.run(Lorg/gradle/internal/invocation/BuildAction;Lorg/gradle/internal/invocation/BuildController;)V+34
j  org.gradle.tooling.internal.provider.runner.SubscribableBuildActionRunner.run(Lorg/gradle/internal/invocation/BuildAction;Lorg/gradle/internal/invocation/BuildController;)V+37
j  org.gradle.launcher.exec.ChainingBuildActionRunner.run(Lorg/gradle/internal/invocation/BuildAction;Lorg/gradle/internal/invocation/BuildController;)V+34
j  org.gradle.launcher.exec.InProcessBuildActionExecuter.execute(Lorg/gradle/internal/invocation/BuildAction;Lorg/gradle/initialization/BuildRequestContext;Lorg/gradle/launcher/exec/BuildActionParameters;Lorg/gradle/internal/service/ServiceRegistry;)Ljava/lang/Object;+63
j  org.gradle.launcher.exec.InProcessBuildActionExecuter.execute(Lorg/gradle/internal/invocation/BuildAction;Lorg/gradle/initialization/BuildRequestContext;Ljava/lang/Object;Lorg/gradle/internal/service/ServiceRegistry;)Ljava/lang/Object;+9
j  org.gradle.launcher.exec.ContinuousBuildActionExecuter.execute(Lorg/gradle/internal/invocation/BuildAction;Lorg/gradle/initialization/BuildRequestContext;Lorg/gradle/launcher/exec/BuildActionParameters;Lorg/gradle/internal/service/ServiceRegistry;)Ljava/lang/Object;+70
j  org.gradle.launcher.exec.ContinuousBuildActionExecuter.execute(Lorg/gradle/internal/invocation/BuildAction;Lorg/gradle/initialization/BuildRequestContext;Ljava/lang/Object;Lorg/gradle/internal/service/ServiceRegistry;)Ljava/lang/Object;+9
j  org.gradle.launcher.daemon.server.exec.ExecuteBuild.doBuild(Lorg/gradle/launcher/daemon/server/api/DaemonCommandExecution;Lorg/gradle/launcher/daemon/protocol/Build;)V+74
j  org.gradle.launcher.daemon.server.exec.BuildCommandOnly.execute(Lorg/gradle/launcher/daemon/server/api/DaemonCommandExecution;)V+49
j  org.gradle.launcher.daemon.server.api.DaemonCommandExecution.proceed()Z+28
j  org.gradle.launcher.daemon.server.exec.WatchForDisconnection.execute(Lorg/gradle/launcher/daemon/server/api/DaemonCommandExecution;)V+19
j  org.gradle.launcher.daemon.server.api.DaemonCommandExecution.proceed()Z+28
j  org.gradle.launcher.daemon.server.exec.ResetDeprecationLogger.execute(Lorg/gradle/launcher/daemon/server/api/DaemonCommandExecution;)V+4
j  org.gradle.launcher.daemon.server.api.DaemonCommandExecution.proceed()Z+28
j  org.gradle.launcher.daemon.server.exec.RequestStopIfSingleUsedDaemon.execute(Lorg/gradle/launcher/daemon/server/api/DaemonCommandExecution;)V+31
j  org.gradle.launcher.daemon.server.api.DaemonCommandExecution.proceed()Z+28
j  org.gradle.launcher.daemon.server.exec.ForwardClientInput$2.call()Ljava/lang/Void;+4
j  org.gradle.launcher.daemon.server.exec.ForwardClientInput$2.call()Ljava/lang/Object;+1
j  org.gradle.util.Swapper.swap(Ljava/lang/Object;Ljava/util/concurrent/Callable;)Ljava/lang/Object;+21
j  org.gradle.launcher.daemon.server.exec.ForwardClientInput.execute(Lorg/gradle/launcher/daemon/server/api/DaemonCommandExecution;)V+63
j  org.gradle.launcher.daemon.server.api.DaemonCommandExecution.proceed()Z+28
j  org.gradle.launcher.daemon.server.health.DaemonHealthTracker.execute(Lorg/gradle/launcher/daemon/server/api/DaemonCommandExecution;)V+35
j  org.gradle.launcher.daemon.server.api.DaemonCommandExecution.proceed()Z+28
j  org.gradle.launcher.daemon.server.exec.LogToClient.doBuild(Lorg/gradle/launcher/daemon/server/api/DaemonCommandExecution;Lorg/gradle/launcher/daemon/protocol/Build;)V+97
j  org.gradle.launcher.daemon.server.exec.BuildCommandOnly.execute(Lorg/gradle/launcher/daemon/server/api/DaemonCommandExecution;)V+49
j  org.gradle.launcher.daemon.server.api.DaemonCommandExecution.proceed()Z+28
j  org.gradle.launcher.daemon.server.exec.EstablishBuildEnvironment.doBuild(Lorg/gradle/launcher/daemon/server/api/DaemonCommandExecution;Lorg/gradle/launcher/daemon/protocol/Build;)V+279
j  org.gradle.launcher.daemon.server.exec.BuildCommandOnly.execute(Lorg/gradle/launcher/daemon/server/api/DaemonCommandExecution;)V+49
j  org.gradle.launcher.daemon.server.api.DaemonCommandExecution.proceed()Z+28
j  org.gradle.launcher.daemon.server.health.HintGCAfterBuild.execute(Lorg/gradle/launcher/daemon/server/api/DaemonCommandExecution;)V+1
j  org.gradle.launcher.daemon.server.api.DaemonCommandExecution.proceed()Z+28
j  org.gradle.launcher.daemon.server.exec.StartBuildOrRespondWithBusy$1.run()V+44
j  org.gradle.launcher.daemon.server.DaemonStateCoordinator$1.run()V+4
j  org.gradle.internal.concurrent.ExecutorPolicy$CatchAndRecordFailures.onExecute(Ljava/lang/Runnable;)V+1
j  org.gradle.internal.concurrent.StoppableExecutorImpl$1.run()V+25
j  java.util.concurrent.ThreadPoolExecutor.runWorker(Ljava/util/concurrent/ThreadPoolExecutor$Worker;)V+95
j  java.util.concurrent.ThreadPoolExecutor$Worker.run()V+5
j  java.lang.Thread.run()V+11
v  ~StubRoutines::call_stub

---------------  P R O C E S S  ---------------

Java Threads: ( => current thread )
  0x00007fa3a2f1e000 JavaThread "Stdin handler" [_thread_blocked, id=20751, stack(0x0000700001250000,0x0000700001350000)]
  0x00007fa3a5256800 JavaThread "Cancel handler" [_thread_blocked, id=20239, stack(0x000070000114d000,0x000070000124d000)]
  0x00007fa3a4a14000 JavaThread "Handler for socket connection from /127.0.0.1:52364 to /127.0.0.1:56982" [_thread_in_native, id=22791, stack(0x0000700000932000,0x0000700000a32000)]
  0x00007fa3a1b73000 JavaThread "File lock request listener" [_thread_in_native, id=22275, stack(0x0000700001559000,0x0000700001659000)]
=>0x00007fa3a2bcf800 JavaThread "Daemon worker" [_thread_in_native, id=21251, stack(0x0000700001353000,0x0000700001453000)]
  0x00007fa3a2aa8800 JavaThread "Daemon" [_thread_blocked, id=19715, stack(0x000070000104a000,0x000070000114a000)]
  0x00007fa3a1aa9800 JavaThread "Incoming local TCP Connector on port 52364" [_thread_in_native, id=19203, stack(0x0000700000f47000,0x0000700001047000)]
  0x00007fa3a300c000 JavaThread "Service Thread" daemon [_thread_blocked, id=18179, stack(0x0000700000d41000,0x0000700000e41000)]
  0x00007fa3a300b000 JavaThread "C2 CompilerThread1" daemon [_thread_blocked, id=17667, stack(0x0000700000c3e000,0x0000700000d3e000)]
  0x00007fa3a1808800 JavaThread "C2 CompilerThread0" daemon [_thread_blocked, id=17155, stack(0x0000700000b3b000,0x0000700000c3b000)]
  0x00007fa3a1845800 JavaThread "Signal Dispatcher" daemon [_thread_blocked, id=12815, stack(0x0000700000a38000,0x0000700000b38000)]
  0x00007fa3a2820000 JavaThread "Finalizer" daemon [_thread_blocked, id=12291, stack(0x000070000082f000,0x000070000092f000)]
  0x00007fa3a200b000 JavaThread "Reference Handler" daemon [_thread_blocked, id=11779, stack(0x000070000072c000,0x000070000082c000)]
  0x00007fa3a1804800 JavaThread "main" [_thread_blocked, id=5891, stack(0x000070000011a000,0x000070000021a000)]

Other Threads:
  0x00007fa3a183b800 VMThread [stack: 0x0000700000629000,0x0000700000729000] [id=11267]
  0x00007fa3a200d800 WatcherThread [stack: 0x0000700000e44000,0x0000700000f44000] [id=18691]

VM state:not at safepoint (normal execution)

VM Mutex/Monitor currently owned by a thread: None

Heap
 PSYoungGen      total 319488K, used 47719K [0x00000007eaa80000, 0x0000000800000000, 0x0000000800000000)
  eden space 290304K, 11% used [0x00000007eaa80000,0x00000007ecab33a8,0x00000007fc600000)
  from space 29184K, 50% used [0x00000007fe180000,0x00000007fefe6880,0x00000007ffe00000)
  to   space 28160K, 0% used [0x00000007fc600000,0x00000007fc600000,0x00000007fe180000)
 ParOldGen       total 87040K, used 56270K [0x00000007c0000000, 0x00000007c5500000, 0x00000007eaa80000)
  object space 87040K, 64% used [0x00000007c0000000,0x00000007c36f3980,0x00000007c5500000)
 PSPermGen       total 96256K, used 54928K [0x00000007b0000000, 0x00000007b5e00000, 0x00000007c0000000)
  object space 96256K, 57% used [0x00000007b0000000,0x00000007b35a4278,0x00000007b5e00000)

Card table byte_map: [0x000000010bd23000,0x000000010bfa4000] byte_map_base: 0x0000000107fa3000

Polling page: 0x00000001079e6000

Code Cache  [0x0000000108c63000, 0x0000000109253000, 0x000000010bc63000)
 total_blobs=2181 nmethods=1526 adapters=607 free_code_cache=43187Kb largest_free_block=44160000

Compilation events (10 events):
Event: 76.380 Thread 0x00007fa3a300b000 nmethod 1654 0x000000010923f750 code [0x000000010923f8a0, 0x000000010923fa98]
Event: 76.380 Thread 0x00007fa3a300b000 1656             com.google.common.base.Preconditions::checkPositionIndex (25 bytes)
Event: 76.380 Thread 0x00007fa3a1808800 nmethod 1655 0x0000000109242090 code [0x00000001092421c0, 0x0000000109242218]
Event: 76.381 Thread 0x00007fa3a300b000 nmethod 1656 0x0000000109242990 code [0x0000000109242ac0, 0x0000000109242b18]
Event: 76.381 Thread 0x00007fa3a1808800 1657             java.util.regex.Pattern$BranchConn::match (11 bytes)
Event: 76.383 Thread 0x00007fa3a1808800 nmethod 1657 0x0000000109241ad0 code [0x0000000109241c40, 0x0000000109241e18]
Event: 76.383 Thread 0x00007fa3a300b000 1658             com.sun.tools.javac.util.UnsharedNameTable$NameImpl::getIndex (5 bytes)
Event: 76.383 Thread 0x00007fa3a300b000 nmethod 1658 0x00000001092418d0 code [0x0000000109241a00, 0x0000000109241a58]
Event: 76.386 Thread 0x00007fa3a300b000 1659             java.io.File::isInvalid (47 bytes)
Event: 76.390 Thread 0x00007fa3a300b000 nmethod 1659 0x0000000109241450 code [0x00000001092415a0, 0x0000000109241778]

GC Heap History (10 events):
Event: 14.217 GC heap before
{Heap before GC invocations=9 (full 0):
 PSYoungGen      total 281600K, used 281577K [0x00000007eaa80000, 0x00000007fd680000, 0x0000000800000000)
  eden space 266752K, 100% used [0x00000007eaa80000,0x00000007faf00000,0x00000007faf00000)
  from space 14848K, 99% used [0x00000007fc100000,0x00000007fcf7a4a0,0x00000007fcf80000)
  to   space 18432K, 0% used [0x00000007faf00000,0x00000007faf00000,0x00000007fc100000)
 ParOldGen       total 87040K, used 20706K [0x00000007c0000000, 0x00000007c5500000, 0x00000007eaa80000)
  object space 87040K, 23% used [0x00000007c0000000,0x00000007c1438b38,0x00000007c5500000)
 PSPermGen       total 46080K, used 45969K [0x00000007b0000000, 0x00000007b2d00000, 0x00000007c0000000)
  object space 46080K, 99% used [0x00000007b0000000,0x00000007b2ce4590,0x00000007b2d00000)
Event: 14.289 GC heap after
Heap after GC invocations=9 (full 0):
 PSYoungGen      total 285184K, used 18425K [0x00000007eaa80000, 0x0000000800000000, 0x0000000800000000)
  eden space 266752K, 0% used [0x00000007eaa80000,0x00000007eaa80000,0x00000007faf00000)
  from space 18432K, 99% used [0x00000007faf00000,0x00000007fc0fe530,0x00000007fc100000)
  to   space 29696K, 0% used [0x00000007fe300000,0x00000007fe300000,0x0000000800000000)
 ParOldGen       total 87040K, used 40862K [0x00000007c0000000, 0x00000007c5500000, 0x00000007eaa80000)
  object space 87040K, 46% used [0x00000007c0000000,0x00000007c27e7b28,0x00000007c5500000)
 PSPermGen       total 46080K, used 45969K [0x00000007b0000000, 0x00000007b2d00000, 0x00000007c0000000)
  object space 46080K, 99% used [0x00000007b0000000,0x00000007b2ce4590,0x00000007b2d00000)
}
Event: 15.623 GC heap before
{Heap before GC invocations=10 (full 0):
 PSYoungGen      total 285184K, used 104651K [0x00000007eaa80000, 0x0000000800000000, 0x0000000800000000)
  eden space 266752K, 32% used [0x00000007eaa80000,0x00000007efeb49e8,0x00000007faf00000)
  from space 18432K, 99% used [0x00000007faf00000,0x00000007fc0fe530,0x00000007fc100000)
  to   space 29696K, 0% used [0x00000007fe300000,0x00000007fe300000,0x0000000800000000)
 ParOldGen       total 87040K, used 40862K [0x00000007c0000000, 0x00000007c5500000, 0x00000007eaa80000)
  object space 87040K, 46% used [0x00000007c0000000,0x00000007c27e7b28,0x00000007c5500000)
 PSPermGen       total 48128K, used 48071K [0x00000007b0000000, 0x00000007b2f00000, 0x00000007c0000000)
  object space 48128K, 99% used [0x00000007b0000000,0x00000007b2ef1c38,0x00000007b2f00000)
Event: 15.676 GC heap after
Heap after GC invocations=10 (full 0):
 PSYoungGen      total 317952K, used 19637K [0x00000007eaa80000, 0x0000000800000000, 0x0000000800000000)
  eden space 288256K, 0% used [0x00000007eaa80000,0x00000007eaa80000,0x00000007fc400000)
  from space 29696K, 66% used [0x00000007fe300000,0x00000007ff62d5a8,0x0000000800000000)
  to   space 30720K, 0% used [0x00000007fc400000,0x00000007fc400000,0x00000007fe200000)
 ParOldGen       total 87040K, used 47982K [0x00000007c0000000, 0x00000007c5500000, 0x00000007eaa80000)
  object space 87040K, 55% used [0x00000007c0000000,0x00000007c2edbbe8,0x00000007c5500000)
 PSPermGen       total 48128K, used 48071K [0x00000007b0000000, 0x00000007b2f00000, 0x00000007c0000000)
  object space 48128K, 99% used [0x00000007b0000000,0x00000007b2ef1c38,0x00000007b2f00000)
}
Event: 15.678 GC heap before
{Heap before GC invocations=11 (full 1):
 PSYoungGen      total 317952K, used 19637K [0x00000007eaa80000, 0x0000000800000000, 0x0000000800000000)
  eden space 288256K, 0% used [0x00000007eaa80000,0x00000007eaa80000,0x00000007fc400000)
  from space 29696K, 66% used [0x00000007fe300000,0x00000007ff62d5a8,0x0000000800000000)
  to   space 30720K, 0% used [0x00000007fc400000,0x00000007fc400000,0x00000007fe200000)
 ParOldGen       total 87040K, used 47982K [0x00000007c0000000, 0x00000007c5500000, 0x00000007eaa80000)
  object space 87040K, 55% used [0x00000007c0000000,0x00000007c2edbbe8,0x00000007c5500000)
 PSPermGen       total 48128K, used 48071K [0x00000007b0000000, 0x00000007b2f00000, 0x00000007c0000000)
  object space 48128K, 99% used [0x00000007b0000000,0x00000007b2ef1c38,0x00000007b2f00000)
Event: 16.080 GC heap after
Heap after GC invocations=11 (full 1):
 PSYoungGen      total 317952K, used 0K [0x00000007eaa80000, 0x0000000800000000, 0x0000000800000000)
  eden space 288256K, 0% used [0x00000007eaa80000,0x00000007eaa80000,0x00000007fc400000)
  from space 29696K, 0% used [0x00000007fe300000,0x00000007fe300000,0x0000000800000000)
  to   space 30720K, 0% used [0x00000007fc400000,0x00000007fc400000,0x00000007fe200000)
 ParOldGen       total 87040K, used 50424K [0x00000007c0000000, 0x00000007c5500000, 0x00000007eaa80000)
  object space 87040K, 57% used [0x00000007c0000000,0x00000007c313e1f8,0x00000007c5500000)
 PSPermGen       total 96256K, used 48001K [0x00000007b0000000, 0x00000007b5e00000, 0x00000007c0000000)
  object space 96256K, 49% used [0x00000007b0000000,0x00000007b2ee0418,0x00000007b5e00000)
}
Event: 52.156 GC heap before
{Heap before GC invocations=12 (full 1):
 PSYoungGen      total 317952K, used 288256K [0x00000007eaa80000, 0x0000000800000000, 0x0000000800000000)
  eden space 288256K, 100% used [0x00000007eaa80000,0x00000007fc400000,0x00000007fc400000)
  from space 29696K, 0% used [0x00000007fe300000,0x00000007fe300000,0x0000000800000000)
  to   space 30720K, 0% used [0x00000007fc400000,0x00000007fc400000,0x00000007fe200000)
 ParOldGen       total 87040K, used 50424K [0x00000007c0000000, 0x00000007c5500000, 0x00000007eaa80000)
  object space 87040K, 57% used [0x00000007c0000000,0x00000007c313e1f8,0x00000007c5500000)
 PSPermGen       total 96256K, used 54072K [0x00000007b0000000, 0x00000007b5e00000, 0x00000007c0000000)
  object space 96256K, 56% used [0x00000007b0000000,0x00000007b34ce298,0x00000007b5e00000)
Event: 52.173 GC heap after
Heap after GC invocations=12 (full 1):
 PSYoungGen      total 302592K, used 14224K [0x00000007eaa80000, 0x00000007ffe00000, 0x0000000800000000)
  eden space 288256K, 0% used [0x00000007eaa80000,0x00000007eaa80000,0x00000007fc400000)
  from space 14336K, 99% used [0x00000007fc400000,0x00000007fd1e4320,0x00000007fd200000)
  to   space 29184K, 0% used [0x00000007fe180000,0x00000007fe180000,0x00000007ffe00000)
 ParOldGen       total 87040K, used 50432K [0x00000007c0000000, 0x00000007c5500000, 0x00000007eaa80000)
  object space 87040K, 57% used [0x00000007c0000000,0x00000007c31401f8,0x00000007c5500000)
 PSPermGen       total 96256K, used 54072K [0x00000007b0000000, 0x00000007b5e00000, 0x00000007c0000000)
  object space 96256K, 56% used [0x00000007b0000000,0x00000007b34ce298,0x00000007b5e00000)
}
Event: 75.715 GC heap before
{Heap before GC invocations=13 (full 1):
 PSYoungGen      total 302592K, used 302480K [0x00000007eaa80000, 0x00000007ffe00000, 0x0000000800000000)
  eden space 288256K, 100% used [0x00000007eaa80000,0x00000007fc400000,0x00000007fc400000)
  from space 14336K, 99% used [0x00000007fc400000,0x00000007fd1e4320,0x00000007fd200000)
  to   space 29184K, 0% used [0x00000007fe180000,0x00000007fe180000,0x00000007ffe00000)
 ParOldGen       total 87040K, used 50432K [0x00000007c0000000, 0x00000007c5500000, 0x00000007eaa80000)
  object space 87040K, 57% used [0x00000007c0000000,0x00000007c31401f8,0x00000007c5500000)
 PSPermGen       total 96256K, used 54812K [0x00000007b0000000, 0x00000007b5e00000, 0x00000007c0000000)
  object space 96256K, 56% used [0x00000007b0000000,0x00000007b3587308,0x00000007b5e00000)
Event: 75.738 GC heap after
Heap after GC invocations=13 (full 1):
 PSYoungGen      total 319488K, used 14746K [0x00000007eaa80000, 0x0000000800000000, 0x0000000800000000)
  eden space 290304K, 0% used [0x00000007eaa80000,0x00000007eaa80000,0x00000007fc600000)
  from space 29184K, 50% used [0x00000007fe180000,0x00000007fefe6880,0x00000007ffe00000)
  to   space 28160K, 0% used [0x00000007fc600000,0x00000007fc600000,0x00000007fe180000)
 ParOldGen       total 87040K, used 56270K [0x00000007c0000000, 0x00000007c5500000, 0x00000007eaa80000)
  object space 87040K, 64% used [0x00000007c0000000,0x00000007c36f3980,0x00000007c5500000)
 PSPermGen       total 96256K, used 54812K [0x00000007b0000000, 0x00000007b5e00000, 0x00000007c0000000)
  object space 96256K, 56% used [0x00000007b0000000,0x00000007b3587308,0x00000007b5e00000)
}

Deoptimization events (10 events):
Event: 75.943 Thread 0x00007fa3a2bcf800 Uncommon trap: reason=array_check action=maybe_recompile pc=0x000000010910ff88 method=java.util.LinkedList.toArray([Ljava/lang/Object;)[Ljava/lang/Object; @ 55
Event: 75.943 Thread 0x00007fa3a2bcf800 Uncommon trap: reason=array_check action=maybe_recompile pc=0x000000010910ff88 method=java.util.LinkedList.toArray([Ljava/lang/Object;)[Ljava/lang/Object; @ 55
Event: 75.947 Thread 0x00007fa3a2bcf800 Uncommon trap: reason=array_check action=maybe_recompile pc=0x000000010910ff88 method=java.util.LinkedList.toArray([Ljava/lang/Object;)[Ljava/lang/Object; @ 55
Event: 75.947 Thread 0x00007fa3a2bcf800 Uncommon trap: reason=array_check action=maybe_recompile pc=0x000000010910ff88 method=java.util.LinkedList.toArray([Ljava/lang/Object;)[Ljava/lang/Object; @ 55
Event: 76.108 Thread 0x00007fa3a2bcf800 Uncommon trap: reason=class_check action=maybe_recompile pc=0x00000001091a1004 method=com.sun.tools.javac.parser.JavacParser.modifiersOpt(Lcom/sun/tools/javac/tree/JCTree$JCModifiers;)Lcom/sun/tools/javac/tree/JCTree$JCModifiers; @ 19
Event: 76.108 Thread 0x00007fa3a2bcf800 Uncommon trap: reason=class_check action=maybe_recompile pc=0x00000001091a1004 method=com.sun.tools.javac.parser.JavacParser.modifiersOpt(Lcom/sun/tools/javac/tree/JCTree$JCModifiers;)Lcom/sun/tools/javac/tree/JCTree$JCModifiers; @ 19
Event: 76.108 Thread 0x00007fa3a2bcf800 Uncommon trap: reason=class_check action=maybe_recompile pc=0x00000001091a1004 method=com.sun.tools.javac.parser.JavacParser.modifiersOpt(Lcom/sun/tools/javac/tree/JCTree$JCModifiers;)Lcom/sun/tools/javac/tree/JCTree$JCModifiers; @ 19
Event: 76.108 Thread 0x00007fa3a2bcf800 Uncommon trap: reason=class_check action=maybe_recompile pc=0x00000001091a1004 method=com.sun.tools.javac.parser.JavacParser.modifiersOpt(Lcom/sun/tools/javac/tree/JCTree$JCModifiers;)Lcom/sun/tools/javac/tree/JCTree$JCModifiers; @ 19
Event: 76.140 Thread 0x00007fa3a2bcf800 Uncommon trap: reason=unreached action=reinterpret pc=0x00000001091c1598 method=com.sun.tools.javac.code.Scope.dble()V @ 44
Event: 76.381 Thread 0x00007fa3a2bcf800 Uncommon trap: reason=bimorphic action=maybe_recompile pc=0x000000010914aa74 method=org.gradle.util.CollectionUtils.join(Ljava/lang/String;Ljava/lang/Iterable;)Ljava/lang/String; @ 37

Internal exceptions (10 events):
Event: 74.615 Thread 0x00007fa3a2bcf800 Threw 0x00000007f37b0b58 at /HUDSON/workspace/7u-2-build-macosx-x86_64/jdk7u79/2331/hotspot/src/share/vm/prims/jvm.cpp:1304
Event: 74.615 Thread 0x00007fa3a2bcf800 Threw 0x00000007f37b5830 at /HUDSON/workspace/7u-2-build-macosx-x86_64/jdk7u79/2331/hotspot/src/share/vm/prims/jvm.cpp:1304
Event: 74.615 Thread 0x00007fa3a2bcf800 Threw 0x00000007f37b65b8 at /HUDSON/workspace/7u-2-build-macosx-x86_64/jdk7u79/2331/hotspot/src/share/vm/prims/jvm.cpp:1304
Event: 74.615 Thread 0x00007fa3a2bcf800 Threw 0x00000007f37be9f8 at /HUDSON/workspace/7u-2-build-macosx-x86_64/jdk7u79/2331/hotspot/src/share/vm/prims/jvm.cpp:1304
Event: 74.616 Thread 0x00007fa3a2bcf800 Threw 0x00000007f37c3190 at /HUDSON/workspace/7u-2-build-macosx-x86_64/jdk7u79/2331/hotspot/src/share/vm/prims/jvm.cpp:1304
Event: 74.616 Thread 0x00007fa3a2bcf800 Threw 0x00000007f37c84f0 at /HUDSON/workspace/7u-2-build-macosx-x86_64/jdk7u79/2331/hotspot/src/share/vm/prims/jvm.cpp:1304
Event: 74.616 Thread 0x00007fa3a2bcf800 Threw 0x00000007f37c9500 at /HUDSON/workspace/7u-2-build-macosx-x86_64/jdk7u79/2331/hotspot/src/share/vm/prims/jvm.cpp:1304
Event: 74.616 Thread 0x00007fa3a2bcf800 Threw 0x00000007f37d2438 at /HUDSON/workspace/7u-2-build-macosx-x86_64/jdk7u79/2331/hotspot/src/share/vm/prims/jvm.cpp:1304
Event: 76.109 Thread 0x00007fa3a2bcf800 Threw 0x00000007ebbbdf38 at /HUDSON/workspace/7u-2-build-macosx-x86_64/jdk7u79/2331/hotspot/src/share/vm/prims/jni.cpp:717
Event: 76.110 Thread 0x00007fa3a2bcf800 Threw 0x00000007ebbbfb00 at /HUDSON/workspace/7u-2-build-macosx-x86_64/jdk7u79/2331/hotspot/src/share/vm/prims/jni.cpp:717

Events (10 events):
Event: 76.108 Thread 0x00007fa3a2bcf800 DEOPT UNPACKING pc=0x0000000108c9c045 sp=0x000070000144f218 mode 2
Event: 76.108 Thread 0x00007fa3a2bcf800 Uncommon trap: trap_request=0xffffffde fr.pc=0x00000001091a1004
Event: 76.108 Thread 0x00007fa3a2bcf800 DEOPT PACKING pc=0x00000001091a1004 sp=0x000070000144f270
Event: 76.108 Thread 0x00007fa3a2bcf800 DEOPT UNPACKING pc=0x0000000108c9c045 sp=0x000070000144f218 mode 2
Event: 76.140 Thread 0x00007fa3a2bcf800 Uncommon trap: trap_request=0xffffffad fr.pc=0x00000001091c1598
Event: 76.140 Thread 0x00007fa3a2bcf800 DEOPT PACKING pc=0x00000001091c1598 sp=0x000070000144e790
Event: 76.140 Thread 0x00007fa3a2bcf800 DEOPT UNPACKING pc=0x0000000108c9c045 sp=0x000070000144e750 mode 2
Event: 76.381 Thread 0x00007fa3a2bcf800 Uncommon trap: trap_request=0xffffffc6 fr.pc=0x000000010914aa74
Event: 76.381 Thread 0x00007fa3a2bcf800 DEOPT PACKING pc=0x000000010914aa74 sp=0x000070000144f870
Event: 76.381 Thread 0x00007fa3a2bcf800 DEOPT UNPACKING pc=0x0000000108c9c045 sp=0x000070000144f898 mode 2


Dynamic libraries:
0x00000000096d8000 	/System/Library/Frameworks/Cocoa.framework/Versions/A/Cocoa
0x00000000096d8000 	/System/Library/Frameworks/Security.framework/Versions/A/Security
0x00000000096d8000 	/System/Library/Frameworks/ApplicationServices.framework/Versions/A/ApplicationServices
0x00000000096d8000 	/usr/lib/libz.1.dylib
0x00000000096d8000 	/usr/lib/libSystem.B.dylib
0x00000000096d8000 	/usr/lib/libobjc.A.dylib
0x00000000096d8000 	/System/Library/Frameworks/CoreFoundation.framework/Versions/A/CoreFoundation
0x00000000096d8000 	/System/Library/Frameworks/Foundation.framework/Versions/C/Foundation
0x00000000096d8000 	/System/Library/Frameworks/AppKit.framework/Versions/C/AppKit
0x00000000096d8000 	/System/Library/Frameworks/CoreData.framework/Versions/A/CoreData
0x00000000096d8000 	/System/Library/PrivateFrameworks/RemoteViewServices.framework/Versions/A/RemoteViewServices
0x00000000096d8000 	/System/Library/PrivateFrameworks/UIFoundation.framework/Versions/A/UIFoundation
0x00000000096d8000 	/usr/lib/libScreenReader.dylib
0x00000000096d8000 	/System/Library/Frameworks/Accelerate.framework/Versions/A/Accelerate
0x00000000096d8000 	/System/Library/Frameworks/IOSurface.framework/Versions/A/IOSurface
0x00000000096d8000 	/System/Library/Frameworks/AudioToolbox.framework/Versions/A/AudioToolbox
0x00000000096d8000 	/System/Library/Frameworks/AudioUnit.framework/Versions/A/AudioUnit
0x00000000096d8000 	/System/Library/PrivateFrameworks/DataDetectorsCore.framework/Versions/A/DataDetectorsCore
0x00000000096d8000 	/System/Library/PrivateFrameworks/DesktopServicesPriv.framework/Versions/A/DesktopServicesPriv
0x00000000096d8000 	/System/Library/Frameworks/Carbon.framework/Versions/A/Frameworks/HIToolbox.framework/Versions/A/HIToolbox
0x00000000096d8000 	/System/Library/Frameworks/QuartzCore.framework/Versions/A/QuartzCore
0x00000000096d8000 	/System/Library/Frameworks/Carbon.framework/Versions/A/Frameworks/SpeechRecognition.framework/Versions/A/SpeechRecognition
0x00000000096d8000 	/usr/lib/libauto.dylib
0x00000000096d8000 	/usr/lib/libicucore.A.dylib
0x00000000096d8000 	/usr/lib/libxml2.2.dylib
0x00000000096d8000 	/System/Library/PrivateFrameworks/CoreUI.framework/Versions/A/CoreUI
0x00000000096d8000 	/System/Library/Frameworks/CoreAudio.framework/Versions/A/CoreAudio
0x00000000096d8000 	/System/Library/Frameworks/DiskArbitration.framework/Versions/A/DiskArbitration
0x00000000096d8000 	/usr/lib/liblangid.dylib
0x00000000096d8000 	/System/Library/PrivateFrameworks/MultitouchSupport.framework/Versions/A/MultitouchSupport
0x00000000096d8000 	/System/Library/Frameworks/IOKit.framework/Versions/A/IOKit
0x00000000096d8000 	/usr/lib/libDiagnosticMessagesClient.dylib
0x00000000096d8000 	/System/Library/Frameworks/CoreServices.framework/Versions/A/CoreServices
0x00000000096d8000 	/System/Library/PrivateFrameworks/PerformanceAnalysis.framework/Versions/A/PerformanceAnalysis
0x00000000096d8000 	/System/Library/PrivateFrameworks/GenerationalStorage.framework/Versions/A/GenerationalStorage
0x00000000096d8000 	/System/Library/Frameworks/OpenGL.framework/Versions/A/OpenGL
0x00000000096d8000 	/System/Library/PrivateFrameworks/Sharing.framework/Versions/A/Sharing
0x00000000096d8000 	/System/Library/Frameworks/CoreGraphics.framework/Versions/A/CoreGraphics
0x00000000096d8000 	/System/Library/Frameworks/CoreImage.framework/Versions/A/CoreImage
0x00000000096d8000 	/System/Library/Frameworks/CoreText.framework/Versions/A/CoreText
0x00000000096d8000 	/System/Library/Frameworks/ImageIO.framework/Versions/A/ImageIO
0x00000000096d8000 	/System/Library/PrivateFrameworks/Backup.framework/Versions/A/Backup
0x00000000096d8000 	/usr/lib/libextension.dylib
0x00000000096d8000 	/usr/lib/libarchive.2.dylib
0x00000000096d8000 	/System/Library/Frameworks/CFNetwork.framework/Versions/A/CFNetwork
0x00000000096d8000 	/System/Library/Frameworks/SystemConfiguration.framework/Versions/A/SystemConfiguration
0x00000000096d8000 	/usr/lib/libCRFSuite.dylib
0x00000000096d8000 	/usr/lib/libc++.1.dylib
0x00000000096d8000 	/usr/lib/libc++abi.dylib
0x00000000096d8000 	/usr/lib/system/libcache.dylib
0x00000000096d8000 	/usr/lib/system/libcommonCrypto.dylib
0x00000000096d8000 	/usr/lib/system/libcompiler_rt.dylib
0x00000000096d8000 	/usr/lib/system/libcopyfile.dylib
0x00000000096d8000 	/usr/lib/system/libcorecrypto.dylib
0x00000000096d8000 	/usr/lib/system/libdispatch.dylib
0x00000000096d8000 	/usr/lib/system/libdyld.dylib
0x00000000096d8000 	/usr/lib/system/libkeymgr.dylib
0x00000000096d8000 	/usr/lib/system/liblaunch.dylib
0x00000000096d8000 	/usr/lib/system/libmacho.dylib
0x00000000096d8000 	/usr/lib/system/libquarantine.dylib
0x00000000096d8000 	/usr/lib/system/libremovefile.dylib
0x00000000096d8000 	/usr/lib/system/libsystem_asl.dylib
0x00000000096d8000 	/usr/lib/system/libsystem_blocks.dylib
0x00000000096d8000 	/usr/lib/system/libsystem_c.dylib
0x00000000096d8000 	/usr/lib/system/libsystem_configuration.dylib
0x00000000096d8000 	/usr/lib/system/libsystem_coreservices.dylib
0x00000000096d8000 	/usr/lib/system/libsystem_coretls.dylib
0x00000000096d8000 	/usr/lib/system/libsystem_dnssd.dylib
0x00000000096d8000 	/usr/lib/system/libsystem_info.dylib
0x00000000096d8000 	/usr/lib/system/libsystem_kernel.dylib
0x00000000096d8000 	/usr/lib/system/libsystem_m.dylib
0x00000000096d8000 	/usr/lib/system/libsystem_malloc.dylib
0x00000000096d8000 	/usr/lib/system/libsystem_network.dylib
0x00000000096d8000 	/usr/lib/system/libsystem_networkextension.dylib
0x00000000096d8000 	/usr/lib/system/libsystem_notify.dylib
0x00000000096d8000 	/usr/lib/system/libsystem_platform.dylib
0x00000000096d8000 	/usr/lib/system/libsystem_pthread.dylib
0x00000000096d8000 	/usr/lib/system/libsystem_sandbox.dylib
0x00000000096d8000 	/usr/lib/system/libsystem_secinit.dylib
0x00000000096d8000 	/usr/lib/system/libsystem_trace.dylib
0x00000000096d8000 	/usr/lib/system/libunc.dylib
0x00000000096d8000 	/usr/lib/system/libunwind.dylib
0x00000000096d8000 	/usr/lib/system/libxpc.dylib
0x00000000096d8000 	/usr/lib/libenergytrace.dylib
0x00000000096d8000 	/usr/lib/libbsm.0.dylib
0x00000000096d8000 	/usr/lib/system/libkxld.dylib
0x00000000096d8000 	/usr/lib/libxar.1.dylib
0x00000000096d8000 	/usr/lib/libsqlite3.dylib
0x00000000096d8000 	/usr/lib/libpam.2.dylib
0x00000000096d8000 	/usr/lib/libOpenScriptingUtil.dylib
0x00000000096d8000 	/usr/lib/libbz2.1.0.dylib
0x00000000096d8000 	/usr/lib/liblzma.5.dylib
0x00000000096d8000 	/System/Library/Frameworks/CoreServices.framework/Versions/A/Frameworks/FSEvents.framework/Versions/A/FSEvents
0x00000000096d8000 	/System/Library/Frameworks/CoreServices.framework/Versions/A/Frameworks/CarbonCore.framework/Versions/A/CarbonCore
0x00000000096d8000 	/System/Library/Frameworks/CoreServices.framework/Versions/A/Frameworks/Metadata.framework/Versions/A/Metadata
0x00000000096d8000 	/System/Library/Frameworks/CoreServices.framework/Versions/A/Frameworks/OSServices.framework/Versions/A/OSServices
0x00000000096d8000 	/System/Library/Frameworks/CoreServices.framework/Versions/A/Frameworks/SearchKit.framework/Versions/A/SearchKit
0x00000000096d8000 	/System/Library/Frameworks/CoreServices.framework/Versions/A/Frameworks/AE.framework/Versions/A/AE
0x00000000096d8000 	/System/Library/Frameworks/CoreServices.framework/Versions/A/Frameworks/LaunchServices.framework/Versions/A/LaunchServices
0x00000000096d8000 	/System/Library/Frameworks/CoreServices.framework/Versions/A/Frameworks/DictionaryServices.framework/Versions/A/DictionaryServices
0x00000000096d8000 	/System/Library/Frameworks/CoreServices.framework/Versions/A/Frameworks/SharedFileList.framework/Versions/A/SharedFileList
0x00000000096d8000 	/System/Library/Frameworks/NetFS.framework/Versions/A/NetFS
0x00000000096d8000 	/System/Library/PrivateFrameworks/NetAuth.framework/Versions/A/NetAuth
0x00000000096d8000 	/System/Library/PrivateFrameworks/login.framework/Versions/A/Frameworks/loginsupport.framework/Versions/A/loginsupport
0x00000000096d8000 	/System/Library/PrivateFrameworks/TCC.framework/Versions/A/TCC
0x00000000096d8000 	/usr/lib/libmecabra.dylib
0x00000000096d8000 	/System/Library/Frameworks/ApplicationServices.framework/Versions/A/Frameworks/ATS.framework/Versions/A/ATS
0x00000000096d8000 	/System/Library/Frameworks/ApplicationServices.framework/Versions/A/Frameworks/ColorSync.framework/Versions/A/ColorSync
0x00000000096d8000 	/System/Library/Frameworks/ApplicationServices.framework/Versions/A/Frameworks/HIServices.framework/Versions/A/HIServices
0x00000000096d8000 	/System/Library/Frameworks/ApplicationServices.framework/Versions/A/Frameworks/LangAnalysis.framework/Versions/A/LangAnalysis
0x00000000096d8000 	/System/Library/Frameworks/ApplicationServices.framework/Versions/A/Frameworks/PrintCore.framework/Versions/A/PrintCore
0x00000000096d8000 	/System/Library/Frameworks/ApplicationServices.framework/Versions/A/Frameworks/QD.framework/Versions/A/QD
0x00000000096d8000 	/System/Library/Frameworks/ApplicationServices.framework/Versions/A/Frameworks/SpeechSynthesis.framework/Versions/A/SpeechSynthesis
0x00000000096d8000 	/System/Library/Frameworks/Metal.framework/Versions/A/Metal
0x00000000096d8000 	/System/Library/Frameworks/Accelerate.framework/Versions/A/Frameworks/vImage.framework/Versions/A/vImage
0x00000000096d8000 	/System/Library/Frameworks/Accelerate.framework/Versions/A/Frameworks/vecLib.framework/Versions/A/vecLib
0x00000000096d8000 	/System/Library/Frameworks/Accelerate.framework/Versions/A/Frameworks/vecLib.framework/Versions/A/libvDSP.dylib
0x00000000096d8000 	/System/Library/Frameworks/Accelerate.framework/Versions/A/Frameworks/vecLib.framework/Versions/A/libvMisc.dylib
0x00000000096d8000 	/System/Library/Frameworks/Accelerate.framework/Versions/A/Frameworks/vecLib.framework/Versions/A/libLAPACK.dylib
0x00000000096d8000 	/System/Library/Frameworks/Accelerate.framework/Versions/A/Frameworks/vecLib.framework/Versions/A/libBLAS.dylib
0x00000000096d8000 	/System/Library/Frameworks/Accelerate.framework/Versions/A/Frameworks/vecLib.framework/Versions/A/libLinearAlgebra.dylib
0x00000000096d8000 	/System/Library/Frameworks/Accelerate.framework/Versions/A/Frameworks/vecLib.framework/Versions/A/libSparseBLAS.dylib
0x00000000096d8000 	/System/Library/PrivateFrameworks/GPUCompiler.framework/libmetal_timestamp.dylib
0x00000000096d8000 	/System/Library/Frameworks/OpenGL.framework/Versions/A/Libraries/libCoreFSCache.dylib
0x00000000096d8000 	/System/Library/PrivateFrameworks/IOAccelerator.framework/Versions/A/IOAccelerator
0x00000000096d8000 	/System/Library/Frameworks/ApplicationServices.framework/Versions/A/Frameworks/ATS.framework/Versions/A/Resources/libFontParser.dylib
0x00000000096d8000 	/System/Library/Frameworks/ApplicationServices.framework/Versions/A/Frameworks/ATS.framework/Versions/A/Resources/libFontRegistry.dylib
0x00000000096d8000 	/System/Library/PrivateFrameworks/AppleVPA.framework/Versions/A/AppleVPA
0x00000000096d8000 	/System/Library/PrivateFrameworks/AppleJPEG.framework/Versions/A/AppleJPEG
0x00000000096d8000 	/System/Library/Frameworks/ImageIO.framework/Versions/A/Resources/libJPEG.dylib
0x00000000096d8000 	/System/Library/Frameworks/ImageIO.framework/Versions/A/Resources/libTIFF.dylib
0x00000000096d8000 	/System/Library/Frameworks/ImageIO.framework/Versions/A/Resources/libPng.dylib
0x00000000096d8000 	/System/Library/Frameworks/ImageIO.framework/Versions/A/Resources/libGIF.dylib
0x00000000096d8000 	/System/Library/Frameworks/ImageIO.framework/Versions/A/Resources/libJP2.dylib
0x00000000096d8000 	/System/Library/Frameworks/ImageIO.framework/Versions/A/Resources/libRadiance.dylib
0x00000000096d8000 	/System/Library/Frameworks/CoreVideo.framework/Versions/A/CoreVideo
0x00000000096d8000 	/System/Library/Frameworks/OpenGL.framework/Versions/A/Libraries/libGLU.dylib
0x00000000096d8000 	/System/Library/Frameworks/OpenGL.framework/Versions/A/Libraries/libGFXShared.dylib
0x00000000096d8000 	/System/Library/Frameworks/OpenGL.framework/Versions/A/Libraries/libGL.dylib
0x00000000096d8000 	/System/Library/Frameworks/OpenGL.framework/Versions/A/Libraries/libGLImage.dylib
0x00000000096d8000 	/System/Library/Frameworks/OpenGL.framework/Versions/A/Libraries/libCVMSPluginSupport.dylib
0x00000000096d8000 	/System/Library/Frameworks/OpenGL.framework/Versions/A/Libraries/libCoreVMClient.dylib
0x00000000096d8000 	/usr/lib/libcups.2.dylib
0x00000000096d8000 	/System/Library/Frameworks/Kerberos.framework/Versions/A/Kerberos
0x00000000096d8000 	/System/Library/Frameworks/GSS.framework/Versions/A/GSS
0x00000000096d8000 	/usr/lib/libresolv.9.dylib
0x00000000096d8000 	/usr/lib/libiconv.2.dylib
0x00000000096d8000 	/System/Library/PrivateFrameworks/Heimdal.framework/Versions/A/Heimdal
0x00000000096d8000 	/usr/lib/libheimdal-asn1.dylib
0x00000000096d8000 	/System/Library/Frameworks/OpenDirectory.framework/Versions/A/OpenDirectory
0x00000000096d8000 	/System/Library/PrivateFrameworks/CommonAuth.framework/Versions/A/CommonAuth
0x00000000096d8000 	/System/Library/Frameworks/OpenDirectory.framework/Versions/A/Frameworks/CFOpenDirectory.framework/Versions/A/CFOpenDirectory
0x00000000096d8000 	/System/Library/Frameworks/SecurityFoundation.framework/Versions/A/SecurityFoundation
0x00000000096d8000 	/System/Library/PrivateFrameworks/LanguageModeling.framework/Versions/A/LanguageModeling
0x00000000096d8000 	/usr/lib/libmarisa.dylib
0x00000000096d8000 	/usr/lib/libChineseTokenizer.dylib
0x00000000096d8000 	/usr/lib/libcmph.dylib
0x00000000096d8000 	/usr/lib/libcompression.dylib
0x00000000096d8000 	/System/Library/Frameworks/ServiceManagement.framework/Versions/A/ServiceManagement
0x00000000096d8000 	/usr/lib/libxslt.1.dylib
0x00000000096d8000 	/System/Library/Frameworks/Carbon.framework/Versions/A/Frameworks/Ink.framework/Versions/A/Ink
0x00000000096d8000 	/usr/lib/libFosl_dynamic.dylib
0x00000000096d8000 	/System/Library/PrivateFrameworks/FaceCore.framework/Versions/A/FaceCore
0x00000000096d8000 	/System/Library/Frameworks/OpenCL.framework/Versions/A/OpenCL
0x00000000096d8000 	/System/Library/PrivateFrameworks/CrashReporterSupport.framework/Versions/A/CrashReporterSupport
0x00000000096d8000 	/System/Library/PrivateFrameworks/IconServices.framework/Versions/A/IconServices
0x00000000096d8000 	/System/Library/PrivateFrameworks/Apple80211.framework/Versions/A/Apple80211
0x00000000096d8000 	/System/Library/Frameworks/CoreWLAN.framework/Versions/A/CoreWLAN
0x00000000096d8000 	/System/Library/Frameworks/IOBluetooth.framework/Versions/A/IOBluetooth
0x00000000096d8000 	/System/Library/PrivateFrameworks/CoreWiFi.framework/Versions/A/CoreWiFi
0x00000000096d8000 	/System/Library/Frameworks/CoreBluetooth.framework/Versions/A/CoreBluetooth
0x00000000096d8000 	/System/Library/PrivateFrameworks/ChunkingLibrary.framework/Versions/A/ChunkingLibrary
0x00000000096d8000 	/System/Library/PrivateFrameworks/DebugSymbols.framework/Versions/A/DebugSymbols
0x00000000096d8000 	/System/Library/PrivateFrameworks/CoreSymbolication.framework/Versions/A/CoreSymbolication
0x00000000096d8000 	/System/Library/PrivateFrameworks/Symbolication.framework/Versions/A/Symbolication
0x00000000096d8000 	/System/Library/PrivateFrameworks/SpeechRecognitionCore.framework/Versions/A/SpeechRecognitionCore
0x0000000107961000 	/System/Library/CoreServices/Encodings/libSimplifiedChineseConverter.dylib
0x0000000108200000 	/Library/Java/JavaVirtualMachines/jdk1.7.0_79.jdk/Contents/Home/jre/lib/server/libjvm.dylib
0x00000000096d8000 	/usr/lib/libstdc++.6.dylib
0x00000001079a9000 	/Library/Java/JavaVirtualMachines/jdk1.7.0_79.jdk/Contents/Home/jre/lib/libverify.dylib
0x00000001079b6000 	/Library/Java/JavaVirtualMachines/jdk1.7.0_79.jdk/Contents/Home/jre/lib/libjava.dylib
0x00000001079f0000 	/Library/Java/JavaVirtualMachines/jdk1.7.0_79.jdk/Contents/Home/jre/lib/libzip.dylib
0x000000010fecd000 	/System/Library/Frameworks/JavaVM.framework/Frameworks/JavaRuntimeSupport.framework/JavaRuntimeSupport
0x000000010fee8000 	/System/Library/Frameworks/JavaVM.framework/Versions/A/Frameworks/JavaNativeFoundation.framework/Versions/A/JavaNativeFoundation
0x000000010fefd000 	/System/Library/Frameworks/JavaVM.framework/Versions/A/JavaVM
0x00000000096d8000 	/System/Library/Frameworks/Carbon.framework/Versions/A/Carbon
0x000000010ff0a000 	/System/Library/PrivateFrameworks/JavaLaunching.framework/Versions/A/JavaLaunching
0x00000000096d8000 	/System/Library/Frameworks/Carbon.framework/Versions/A/Frameworks/CommonPanels.framework/Versions/A/CommonPanels
0x00000000096d8000 	/System/Library/Frameworks/Carbon.framework/Versions/A/Frameworks/Help.framework/Versions/A/Help
0x00000000096d8000 	/System/Library/Frameworks/Carbon.framework/Versions/A/Frameworks/ImageCapture.framework/Versions/A/ImageCapture
0x00000000096d8000 	/System/Library/Frameworks/Carbon.framework/Versions/A/Frameworks/OpenScripting.framework/Versions/A/OpenScripting
0x00000000096d8000 	/System/Library/Frameworks/Carbon.framework/Versions/A/Frameworks/Print.framework/Versions/A/Print
0x00000000096d8000 	/System/Library/Frameworks/Carbon.framework/Versions/A/Frameworks/SecurityHI.framework/Versions/A/SecurityHI
0x0000000111a1a000 	/Library/Java/JavaVirtualMachines/jdk1.7.0_79.jdk/Contents/Home/jre/lib/libnet.dylib
0x0000000111a78000 	/Library/Java/JavaVirtualMachines/jdk1.7.0_79.jdk/Contents/Home/jre/lib/libnio.dylib
0x0000000111a87000 	/Users/lizhaoxuan/.gradle/native/19/osx-amd64/libnative-platform.dylib
0x0000000112346000 	/Library/Java/JavaVirtualMachines/jdk1.7.0_79.jdk/Contents/Home/jre/lib/libmanagement.dylib

VM Arguments:
jvm_args: -XX:MaxPermSize=256m -XX:+HeapDumpOnOutOfMemoryError -Xmx1024m -Dfile.encoding=UTF-8 -Duser.country=CN -Duser.language=zh -Duser.variant 
java_command: org.gradle.launcher.daemon.bootstrap.GradleDaemon 2.10
Launcher Type: SUN_STANDARD

Environment Variables:
PATH=/usr/bin:/bin:/usr/sbin:/sbin
SHELL=/bin/zsh

Signal Handlers:
SIGSEGV: [libjvm.dylib+0x52daf1], sa_mask[0]=0xfffefeff, sa_flags=0x00000043
SIGBUS: [libjvm.dylib+0x52daf1], sa_mask[0]=0xfffefeff, sa_flags=0x00000042
SIGFPE: [libjvm.dylib+0x41f34e], sa_mask[0]=0xfffefeff, sa_flags=0x00000042
SIGPIPE: [libjvm.dylib+0x41f34e], sa_mask[0]=0xfffefeff, sa_flags=0x00000042
SIGXFSZ: [libjvm.dylib+0x41f34e], sa_mask[0]=0xfffefeff, sa_flags=0x00000042
SIGILL: [libjvm.dylib+0x41f34e], sa_mask[0]=0xfffefeff, sa_flags=0x00000042
SIGUSR1: SIG_DFL, sa_mask[0]=0x00000000, sa_flags=0x00000000
SIGUSR2: [libjvm.dylib+0x41ee40], sa_mask[0]=0x00000004, sa_flags=0x00000042
SIGHUP: [libjvm.dylib+0x41d0d1], sa_mask[0]=0xfffefeff, sa_flags=0x00000042
SIGINT: [libjvm.dylib+0x41d0d1], sa_mask[0]=0xfffefeff, sa_flags=0x00000042
SIGTERM: [libjvm.dylib+0x41d0d1], sa_mask[0]=0xfffefeff, sa_flags=0x00000042
SIGQUIT: [libjvm.dylib+0x41d0d1], sa_mask[0]=0xfffefeff, sa_flags=0x00000042


---------------  S Y S T E M  ---------------

OS:Bsduname:Darwin 15.4.0 Darwin Kernel Version 15.4.0: Fri Feb 26 22:08:05 PST 2016; root:xnu-3248.40.184~3/RELEASE_X86_64 x86_64
rlimit: STACK 8192k, CORE 0k, NPROC 709, NOFILE 10240, AS infinity
load average:3.22 2.48 2.17

CPU:total 4 (2 cores per cpu, 2 threads per core) family 6 model 61 stepping 4, cmov, cx8, fxsr, mmx, sse, sse2, sse3, ssse3, sse4.1, sse4.2, popcnt, avx, avx2, aes, erms, ht, tsc, tscinvbit

Memory: 4k page, physical 8388608k(2097152k free)

/proc/meminfo:


vm_info: Java HotSpot(TM) 64-Bit Server VM (24.79-b02) for bsd-amd64 JRE (1.7.0_79-b15), built on Apr 10 2015 11:35:04 by "java_re" with gcc 4.2.1 (Based on Apple Inc. build 5658) (LLVM build 2336.11.00)

time: Mon May 23 16:02:43 2016
elapsed time: 76 seconds

